
Attaching package: ‘cowplot’

The following object is masked from ‘package:ggpubr’:

    get_legend

Warning messages:
1: Removed 1 rows containing missing values (geom_point). 
2: Removed 1 rows containing missing values (geom_errorbarh). 

Attaching package: ‘cowplot’

The following object is masked from ‘package:ggpubr’:

    get_legend


Attaching package: ‘cowplot’

The following object is masked from ‘package:ggpubr’:

    get_legend


Attaching package: ‘cowplot’

The following object is masked from ‘package:ggpubr’:

    get_legend


Attaching package: ‘cowplot’

The following object is masked from ‘package:ggpubr’:

    get_legend


Attaching package: ‘cowplot’

The following object is masked from ‘package:ggpubr’:

    get_legend

head: cannot open ‘df_unlinked_additive_esize0.1_noss_nons.1.txt’ for reading: No such file or directory
